<?xml version="1.0" encoding="UTF-8"?>
<testsuite name="board.BoardApplicationTests" tests="2" skipped="0" failures="0" errors="0" timestamp="2023-05-15T19:16:27" hostname="DESKTOP-IDK0A1A" time="0.35">
  <properties/>
  <testcase name="testSqlSession()" classname="board.BoardApplicationTests" time="0.346"/>
  <testcase name="contextLoads()" classname="board.BoardApplicationTests" time="0.003"/>
  <system-out><![CDATA[04:16:25.326 [Test worker] DEBUG org.springframework.test.context.BootstrapUtils - Instantiating CacheAwareContextLoaderDelegate from class [org.springframework.test.context.cache.DefaultCacheAwareContextLoaderDelegate]
04:16:25.333 [Test worker] DEBUG org.springframework.test.context.BootstrapUtils - Instantiating BootstrapContext using constructor [public org.springframework.test.context.support.DefaultBootstrapContext(java.lang.Class,org.springframework.test.context.CacheAwareContextLoaderDelegate)]
04:16:25.354 [Test worker] DEBUG org.springframework.test.context.BootstrapUtils - Instantiating TestContextBootstrapper for test class [board.BoardApplicationTests] from class [org.springframework.boot.test.context.SpringBootTestContextBootstrapper]
04:16:25.361 [Test worker] INFO org.springframework.boot.test.context.SpringBootTestContextBootstrapper - Neither @ContextConfiguration nor @ContextHierarchy found for test class [board.BoardApplicationTests], using SpringBootContextLoader
04:16:25.364 [Test worker] DEBUG org.springframework.test.context.support.AbstractContextLoader - Did not detect default resource location for test class [board.BoardApplicationTests]: class path resource [board/BoardApplicationTests-context.xml] does not exist
04:16:25.364 [Test worker] DEBUG org.springframework.test.context.support.AbstractContextLoader - Did not detect default resource location for test class [board.BoardApplicationTests]: class path resource [board/BoardApplicationTestsContext.groovy] does not exist
04:16:25.364 [Test worker] INFO org.springframework.test.context.support.AbstractContextLoader - Could not detect default resource locations for test class [board.BoardApplicationTests]: no resource found for suffixes {-context.xml, Context.groovy}.
04:16:25.364 [Test worker] INFO org.springframework.test.context.support.AnnotationConfigContextLoaderUtils - Could not detect default configuration classes for test class [board.BoardApplicationTests]: BoardApplicationTests does not declare any static, non-private, non-final, nested classes annotated with @Configuration.
04:16:25.394 [Test worker] DEBUG org.springframework.test.context.support.ActiveProfilesUtils - Could not find an 'annotation declaring class' for annotation type [org.springframework.test.context.ActiveProfiles] and class [board.BoardApplicationTests]
04:16:25.432 [Test worker] DEBUG org.springframework.context.annotation.ClassPathScanningCandidateComponentProvider - Identified candidate component class: file [C:\board\build\classes\java\main\board\BoardApplication.class]
04:16:25.433 [Test worker] INFO org.springframework.boot.test.context.SpringBootTestContextBootstrapper - Found @SpringBootConfiguration board.BoardApplication for test class board.BoardApplicationTests
04:16:25.494 [Test worker] DEBUG org.springframework.boot.test.context.SpringBootTestContextBootstrapper - @TestExecutionListeners is not present for class [board.BoardApplicationTests]: using defaults.
04:16:25.495 [Test worker] INFO org.springframework.boot.test.context.SpringBootTestContextBootstrapper - Loaded default TestExecutionListener class names from location [META-INF/spring.factories]: [org.springframework.boot.test.autoconfigure.restdocs.RestDocsTestExecutionListener, org.springframework.boot.test.autoconfigure.web.client.MockRestServiceServerResetTestExecutionListener, org.springframework.boot.test.autoconfigure.web.servlet.MockMvcPrintOnlyOnFailureTestExecutionListener, org.springframework.boot.test.autoconfigure.web.servlet.WebDriverTestExecutionListener, org.springframework.boot.test.autoconfigure.webservices.client.MockWebServiceServerTestExecutionListener, org.springframework.boot.test.mock.mockito.MockitoTestExecutionListener, org.springframework.boot.test.mock.mockito.ResetMocksTestExecutionListener, org.springframework.test.context.web.ServletTestExecutionListener, org.springframework.test.context.support.DirtiesContextBeforeModesTestExecutionListener, org.springframework.test.context.event.ApplicationEventsTestExecutionListener, org.springframework.test.context.support.DependencyInjectionTestExecutionListener, org.springframework.test.context.support.DirtiesContextTestExecutionListener, org.springframework.test.context.transaction.TransactionalTestExecutionListener, org.springframework.test.context.jdbc.SqlScriptsTestExecutionListener, org.springframework.test.context.event.EventPublishingTestExecutionListener]
04:16:25.510 [Test worker] INFO org.springframework.boot.test.context.SpringBootTestContextBootstrapper - Using TestExecutionListeners: [org.springframework.test.context.web.ServletTestExecutionListener@297ea53a, org.springframework.test.context.support.DirtiesContextBeforeModesTestExecutionListener@acb0951, org.springframework.test.context.event.ApplicationEventsTestExecutionListener@5bf22f18, org.springframework.boot.test.mock.mockito.MockitoTestExecutionListener@267f474e, org.springframework.boot.test.autoconfigure.SpringBootDependencyInjectionTestExecutionListener@7a7471ce, org.springframework.test.context.support.DirtiesContextTestExecutionListener@28276e50, org.springframework.test.context.transaction.TransactionalTestExecutionListener@62e70ea3, org.springframework.test.context.jdbc.SqlScriptsTestExecutionListener@3efe7086, org.springframework.test.context.event.EventPublishingTestExecutionListener@675d8c96, org.springframework.boot.test.autoconfigure.restdocs.RestDocsTestExecutionListener@741b3bc3, org.springframework.boot.test.autoconfigure.web.client.MockRestServiceServerResetTestExecutionListener@2ed3b1f5, org.springframework.boot.test.autoconfigure.web.servlet.MockMvcPrintOnlyOnFailureTestExecutionListener@63648ee9, org.springframework.boot.test.autoconfigure.web.servlet.WebDriverTestExecutionListener@68d6972f, org.springframework.boot.test.autoconfigure.webservices.client.MockWebServiceServerTestExecutionListener@45be7cd5, org.springframework.boot.test.mock.mockito.ResetMocksTestExecutionListener@7651218e]
04:16:25.512 [Test worker] DEBUG org.springframework.test.context.support.AbstractDirtiesContextTestExecutionListener - Before test class: context [DefaultTestContext@410ae9a3 testClass = BoardApplicationTests, testInstance = [null], testMethod = [null], testException = [null], mergedContextConfiguration = [WebMergedContextConfiguration@319988b0 testClass = BoardApplicationTests, locations = '{}', classes = '{class board.BoardApplication}', contextInitializerClasses = '[]', activeProfiles = '{}', propertySourceLocations = '{}', propertySourceProperties = '{org.springframework.boot.test.context.SpringBootTestContextBootstrapper=true}', contextCustomizers = set[org.springframework.boot.test.autoconfigure.actuate.metrics.MetricsExportContextCustomizerFactory$DisableMetricExportContextCustomizer@8ad6665, org.springframework.boot.test.autoconfigure.properties.PropertyMappingContextCustomizer@0, org.springframework.boot.test.autoconfigure.web.servlet.WebDriverContextCustomizerFactory$Customizer@71812481, org.springframework.boot.test.context.filter.ExcludeFilterContextCustomizer@6155d082, org.springframework.boot.test.json.DuplicateJsonObjectContextCustomizerFactory$DuplicateJsonObjectContextCustomizer@2dcd168a, org.springframework.boot.test.mock.mockito.MockitoContextCustomizer@0, org.springframework.boot.test.web.client.TestRestTemplateContextCustomizer@503ecb24, org.springframework.boot.test.context.SpringBootTestArgs@1, org.springframework.boot.test.context.SpringBootTestWebEnvironment@6bedbc4d], resourceBasePath = 'src/main/webapp', contextLoader = 'org.springframework.boot.test.context.SpringBootContextLoader', parent = [null]], attributes = map['org.springframework.test.context.web.ServletTestExecutionListener.activateListener' -> true]], class annotated with @DirtiesContext [false] with mode [null].

  .   ____          _            __ _ _
 /\\ / ___'_ __ _ _(_)_ __  __ _ \ \ \ \
( ( )\___ | '_ | '_| | '_ \/ _` | \ \ \ \
 \\/  ___)| |_)| | | | | || (_| |  ) ) ) )
  '  |____| .__|_| |_|_| |_\__, | / / / /
 =========|_|==============|___/=/_/_/_/
 :: Spring Boot ::               (v2.7.10)

2023-05-16 04:16:25.706  INFO 6180 --- [    Test worker] board.BoardApplicationTests              : Starting BoardApplicationTests using Java 18.0.1.1 on DESKTOP-IDK0A1A with PID 6180 (started by user in C:\board)
2023-05-16 04:16:25.707  INFO 6180 --- [    Test worker] board.BoardApplicationTests              : No active profile set, falling back to 1 default profile: "default"
2023-05-16 04:16:27.024  INFO 6180 --- [    Test worker] board.BoardApplicationTests              : Started BoardApplicationTests in 1.485 seconds (JVM running for 2.235)
org.mybatis.spring.SqlSessionTemplate@51b51641
]]></system-out>
  <system-err><![CDATA[Loading class `com.mysql.jdbc.Driver'. This is deprecated. The new driver class is `com.mysql.cj.jdbc.Driver'. The driver is automatically registered via the SPI and manual loading of the driver class is generally unnecessary.
]]></system-err>
</testsuite>
