<?xml version="1.0" encoding="UTF-8"?>
<testsuite name="board.BoardApplicationTests" tests="2" skipped="0" failures="0" errors="0" timestamp="2023-05-12T18:58:16" hostname="DESKTOP-IDK0A1A" time="0.317">
  <properties/>
  <testcase name="testSqlSession()" classname="board.BoardApplicationTests" time="0.314"/>
  <testcase name="contextLoads()" classname="board.BoardApplicationTests" time="0.002"/>
  <system-out><![CDATA[03:58:14.495 [Test worker] DEBUG org.springframework.test.context.BootstrapUtils - Instantiating CacheAwareContextLoaderDelegate from class [org.springframework.test.context.cache.DefaultCacheAwareContextLoaderDelegate]
03:58:14.502 [Test worker] DEBUG org.springframework.test.context.BootstrapUtils - Instantiating BootstrapContext using constructor [public org.springframework.test.context.support.DefaultBootstrapContext(java.lang.Class,org.springframework.test.context.CacheAwareContextLoaderDelegate)]
03:58:14.522 [Test worker] DEBUG org.springframework.test.context.BootstrapUtils - Instantiating TestContextBootstrapper for test class [board.BoardApplicationTests] from class [org.springframework.boot.test.context.SpringBootTestContextBootstrapper]
03:58:14.530 [Test worker] INFO org.springframework.boot.test.context.SpringBootTestContextBootstrapper - Neither @ContextConfiguration nor @ContextHierarchy found for test class [board.BoardApplicationTests], using SpringBootContextLoader
03:58:14.533 [Test worker] DEBUG org.springframework.test.context.support.AbstractContextLoader - Did not detect default resource location for test class [board.BoardApplicationTests]: class path resource [board/BoardApplicationTests-context.xml] does not exist
03:58:14.533 [Test worker] DEBUG org.springframework.test.context.support.AbstractContextLoader - Did not detect default resource location for test class [board.BoardApplicationTests]: class path resource [board/BoardApplicationTestsContext.groovy] does not exist
03:58:14.533 [Test worker] INFO org.springframework.test.context.support.AbstractContextLoader - Could not detect default resource locations for test class [board.BoardApplicationTests]: no resource found for suffixes {-context.xml, Context.groovy}.
03:58:14.533 [Test worker] INFO org.springframework.test.context.support.AnnotationConfigContextLoaderUtils - Could not detect default configuration classes for test class [board.BoardApplicationTests]: BoardApplicationTests does not declare any static, non-private, non-final, nested classes annotated with @Configuration.
03:58:14.560 [Test worker] DEBUG org.springframework.test.context.support.ActiveProfilesUtils - Could not find an 'annotation declaring class' for annotation type [org.springframework.test.context.ActiveProfiles] and class [board.BoardApplicationTests]
03:58:14.595 [Test worker] DEBUG org.springframework.context.annotation.ClassPathScanningCandidateComponentProvider - Identified candidate component class: file [C:\board\build\classes\java\main\board\BoardApplication.class]
03:58:14.596 [Test worker] INFO org.springframework.boot.test.context.SpringBootTestContextBootstrapper - Found @SpringBootConfiguration board.BoardApplication for test class board.BoardApplicationTests
03:58:14.655 [Test worker] DEBUG org.springframework.boot.test.context.SpringBootTestContextBootstrapper - @TestExecutionListeners is not present for class [board.BoardApplicationTests]: using defaults.
03:58:14.655 [Test worker] INFO org.springframework.boot.test.context.SpringBootTestContextBootstrapper - Loaded default TestExecutionListener class names from location [META-INF/spring.factories]: [org.springframework.boot.test.autoconfigure.restdocs.RestDocsTestExecutionListener, org.springframework.boot.test.autoconfigure.web.client.MockRestServiceServerResetTestExecutionListener, org.springframework.boot.test.autoconfigure.web.servlet.MockMvcPrintOnlyOnFailureTestExecutionListener, org.springframework.boot.test.autoconfigure.web.servlet.WebDriverTestExecutionListener, org.springframework.boot.test.autoconfigure.webservices.client.MockWebServiceServerTestExecutionListener, org.springframework.boot.test.mock.mockito.MockitoTestExecutionListener, org.springframework.boot.test.mock.mockito.ResetMocksTestExecutionListener, org.springframework.test.context.web.ServletTestExecutionListener, org.springframework.test.context.support.DirtiesContextBeforeModesTestExecutionListener, org.springframework.test.context.event.ApplicationEventsTestExecutionListener, org.springframework.test.context.support.DependencyInjectionTestExecutionListener, org.springframework.test.context.support.DirtiesContextTestExecutionListener, org.springframework.test.context.transaction.TransactionalTestExecutionListener, org.springframework.test.context.jdbc.SqlScriptsTestExecutionListener, org.springframework.test.context.event.EventPublishingTestExecutionListener]
03:58:14.668 [Test worker] INFO org.springframework.boot.test.context.SpringBootTestContextBootstrapper - Using TestExecutionListeners: [org.springframework.test.context.web.ServletTestExecutionListener@482d776b, org.springframework.test.context.support.DirtiesContextBeforeModesTestExecutionListener@4052274f, org.springframework.test.context.event.ApplicationEventsTestExecutionListener@132ddbab, org.springframework.boot.test.mock.mockito.MockitoTestExecutionListener@297ea53a, org.springframework.boot.test.autoconfigure.SpringBootDependencyInjectionTestExecutionListener@acb0951, org.springframework.test.context.support.DirtiesContextTestExecutionListener@5bf22f18, org.springframework.test.context.transaction.TransactionalTestExecutionListener@267f474e, org.springframework.test.context.jdbc.SqlScriptsTestExecutionListener@7a7471ce, org.springframework.test.context.event.EventPublishingTestExecutionListener@28276e50, org.springframework.boot.test.autoconfigure.restdocs.RestDocsTestExecutionListener@62e70ea3, org.springframework.boot.test.autoconfigure.web.client.MockRestServiceServerResetTestExecutionListener@3efe7086, org.springframework.boot.test.autoconfigure.web.servlet.MockMvcPrintOnlyOnFailureTestExecutionListener@675d8c96, org.springframework.boot.test.autoconfigure.web.servlet.WebDriverTestExecutionListener@741b3bc3, org.springframework.boot.test.autoconfigure.webservices.client.MockWebServiceServerTestExecutionListener@2ed3b1f5, org.springframework.boot.test.mock.mockito.ResetMocksTestExecutionListener@63648ee9]
03:58:14.670 [Test worker] DEBUG org.springframework.test.context.support.AbstractDirtiesContextTestExecutionListener - Before test class: context [DefaultTestContext@42b64ab8 testClass = BoardApplicationTests, testInstance = [null], testMethod = [null], testException = [null], mergedContextConfiguration = [WebMergedContextConfiguration@7e985ce9 testClass = BoardApplicationTests, locations = '{}', classes = '{class board.BoardApplication}', contextInitializerClasses = '[]', activeProfiles = '{}', propertySourceLocations = '{}', propertySourceProperties = '{org.springframework.boot.test.context.SpringBootTestContextBootstrapper=true}', contextCustomizers = set[org.springframework.boot.test.autoconfigure.actuate.metrics.MetricsExportContextCustomizerFactory$DisableMetricExportContextCustomizer@6bca7e0d, org.springframework.boot.test.autoconfigure.properties.PropertyMappingContextCustomizer@0, org.springframework.boot.test.autoconfigure.web.servlet.WebDriverContextCustomizerFactory$Customizer@1f3f02ee, org.springframework.boot.test.context.filter.ExcludeFilterContextCustomizer@7b94089b, org.springframework.boot.test.json.DuplicateJsonObjectContextCustomizerFactory$DuplicateJsonObjectContextCustomizer@561868a0, org.springframework.boot.test.mock.mockito.MockitoContextCustomizer@0, org.springframework.boot.test.web.client.TestRestTemplateContextCustomizer@5a18cd76, org.springframework.boot.test.context.SpringBootTestArgs@1, org.springframework.boot.test.context.SpringBootTestWebEnvironment@193f604a], resourceBasePath = 'src/main/webapp', contextLoader = 'org.springframework.boot.test.context.SpringBootContextLoader', parent = [null]], attributes = map['org.springframework.test.context.web.ServletTestExecutionListener.activateListener' -> true]], class annotated with @DirtiesContext [false] with mode [null].

  .   ____          _            __ _ _
 /\\ / ___'_ __ _ _(_)_ __  __ _ \ \ \ \
( ( )\___ | '_ | '_| | '_ \/ _` | \ \ \ \
 \\/  ___)| |_)| | | | | || (_| |  ) ) ) )
  '  |____| .__|_| |_|_| |_\__, | / / / /
 =========|_|==============|___/=/_/_/_/
 :: Spring Boot ::               (v2.7.10)

2023-05-13 03:58:14.866  INFO 10336 --- [    Test worker] board.BoardApplicationTests              : Starting BoardApplicationTests using Java 18.0.1.1 on DESKTOP-IDK0A1A with PID 10336 (started by user in C:\board)
2023-05-13 03:58:14.867  INFO 10336 --- [    Test worker] board.BoardApplicationTests              : No active profile set, falling back to 1 default profile: "default"
2023-05-13 03:58:15.462  INFO 10336 --- [    Test worker] com.zaxxer.hikari.HikariDataSource       : HikariPool-1 - Starting...
2023-05-13 03:58:15.584  INFO 10336 --- [    Test worker] jdbc.connection                          : 1. Connection opened
2023-05-13 03:58:15.584  INFO 10336 --- [    Test worker] jdbc.audit                               : 1. Connection.new Connection returned 
2023-05-13 03:58:15.584  INFO 10336 --- [    Test worker] com.zaxxer.hikari.pool.PoolBase          : HikariPool-1 - Driver does not support get/set network timeout for connections. (Receiver class net.sf.log4jdbc.sql.jdbcapi.ConnectionSpy does not define or inherit an implementation of the resolved method 'abstract int getNetworkTimeout()' of interface java.sql.Connection.)
2023-05-13 03:58:15.584  INFO 10336 --- [    Test worker] jdbc.audit                               : 1. Connection.isReadOnly() returned false
2023-05-13 03:58:15.584  INFO 10336 --- [    Test worker] jdbc.audit                               : 1. Connection.getAutoCommit() returned true
2023-05-13 03:58:15.588  INFO 10336 --- [    Test worker] jdbc.audit                               : 1. Statement.new Statement returned 
2023-05-13 03:58:15.588  INFO 10336 --- [    Test worker] jdbc.audit                               : 1. Connection.createStatement() returned net.sf.log4jdbc.sql.jdbcapi.StatementSpy@4dd90166
2023-05-13 03:58:15.588  INFO 10336 --- [    Test worker] jdbc.sqlonly                             : SELECT 1 

2023-05-13 03:58:15.594  INFO 10336 --- [    Test worker] jdbc.sqltiming                           : SELECT 1 
 {executed in 6 msec}
2023-05-13 03:58:15.594  INFO 10336 --- [    Test worker] jdbc.audit                               : 1. Statement.execute(SELECT 1) returned true
2023-05-13 03:58:15.594  INFO 10336 --- [    Test worker] jdbc.audit                               : 1. Statement.close() returned 
2023-05-13 03:58:15.594  INFO 10336 --- [    Test worker] jdbc.audit                               : 1. Connection.getTransactionIsolation() returned 4
2023-05-13 03:58:15.596  INFO 10336 --- [    Test worker] com.zaxxer.hikari.HikariDataSource       : HikariPool-1 - Start completed.
2023-05-13 03:58:15.701  INFO 10336 --- [onnection adder] jdbc.connection                          : 2. Connection opened
2023-05-13 03:58:15.701  INFO 10336 --- [onnection adder] jdbc.audit                               : 2. Connection.new Connection returned 
2023-05-13 03:58:15.702  INFO 10336 --- [onnection adder] jdbc.audit                               : 2. Connection.isReadOnly() returned false
2023-05-13 03:58:15.702  INFO 10336 --- [onnection adder] jdbc.audit                               : 2. Connection.getAutoCommit() returned true
2023-05-13 03:58:15.704  INFO 10336 --- [onnection adder] jdbc.connection                          : 3. Connection opened
2023-05-13 03:58:15.704  INFO 10336 --- [onnection adder] jdbc.audit                               : 3. Connection.new Connection returned 
2023-05-13 03:58:15.704  INFO 10336 --- [onnection adder] jdbc.audit                               : 3. Connection.isReadOnly() returned false
2023-05-13 03:58:15.704  INFO 10336 --- [onnection adder] jdbc.audit                               : 3. Connection.getAutoCommit() returned true
2023-05-13 03:58:15.706  INFO 10336 --- [onnection adder] jdbc.connection                          : 4. Connection opened
2023-05-13 03:58:15.706  INFO 10336 --- [onnection adder] jdbc.audit                               : 4. Connection.new Connection returned 
2023-05-13 03:58:15.706  INFO 10336 --- [onnection adder] jdbc.audit                               : 4. Connection.isReadOnly() returned false
2023-05-13 03:58:15.706  INFO 10336 --- [onnection adder] jdbc.audit                               : 4. Connection.getAutoCommit() returned true
2023-05-13 03:58:15.708  INFO 10336 --- [onnection adder] jdbc.connection                          : 5. Connection opened
2023-05-13 03:58:15.708  INFO 10336 --- [onnection adder] jdbc.audit                               : 5. Connection.new Connection returned 
2023-05-13 03:58:15.708  INFO 10336 --- [onnection adder] jdbc.audit                               : 5. Connection.isReadOnly() returned false
2023-05-13 03:58:15.708  INFO 10336 --- [onnection adder] jdbc.audit                               : 5. Connection.getAutoCommit() returned true
2023-05-13 03:58:15.710  INFO 10336 --- [onnection adder] jdbc.connection                          : 6. Connection opened
2023-05-13 03:58:15.710  INFO 10336 --- [onnection adder] jdbc.audit                               : 6. Connection.new Connection returned 
2023-05-13 03:58:15.710  INFO 10336 --- [onnection adder] jdbc.audit                               : 6. Connection.isReadOnly() returned false
2023-05-13 03:58:15.710  INFO 10336 --- [onnection adder] jdbc.audit                               : 6. Connection.getAutoCommit() returned true
2023-05-13 03:58:15.712  INFO 10336 --- [onnection adder] jdbc.connection                          : 7. Connection opened
2023-05-13 03:58:15.712  INFO 10336 --- [onnection adder] jdbc.audit                               : 7. Connection.new Connection returned 
2023-05-13 03:58:15.713  INFO 10336 --- [onnection adder] jdbc.audit                               : 7. Connection.isReadOnly() returned false
2023-05-13 03:58:15.714  INFO 10336 --- [onnection adder] jdbc.audit                               : 7. Connection.getAutoCommit() returned true
2023-05-13 03:58:15.715  INFO 10336 --- [onnection adder] jdbc.connection                          : 8. Connection opened
2023-05-13 03:58:15.715  INFO 10336 --- [onnection adder] jdbc.audit                               : 8. Connection.new Connection returned 
2023-05-13 03:58:15.716  INFO 10336 --- [onnection adder] jdbc.audit                               : 8. Connection.isReadOnly() returned false
2023-05-13 03:58:15.716  INFO 10336 --- [onnection adder] jdbc.audit                               : 8. Connection.getAutoCommit() returned true
2023-05-13 03:58:15.717  INFO 10336 --- [onnection adder] jdbc.connection                          : 9. Connection opened
2023-05-13 03:58:15.717  INFO 10336 --- [onnection adder] jdbc.audit                               : 9. Connection.new Connection returned 
2023-05-13 03:58:15.717  INFO 10336 --- [onnection adder] jdbc.audit                               : 9. Connection.isReadOnly() returned false
2023-05-13 03:58:15.718  INFO 10336 --- [onnection adder] jdbc.audit                               : 9. Connection.getAutoCommit() returned true
2023-05-13 03:58:15.719  INFO 10336 --- [onnection adder] jdbc.connection                          : 10. Connection opened
2023-05-13 03:58:15.719  INFO 10336 --- [onnection adder] jdbc.audit                               : 10. Connection.new Connection returned 
2023-05-13 03:58:15.719  INFO 10336 --- [onnection adder] jdbc.audit                               : 10. Connection.isReadOnly() returned false
2023-05-13 03:58:15.719  INFO 10336 --- [onnection adder] jdbc.audit                               : 10. Connection.getAutoCommit() returned true
2023-05-13 03:58:16.290  INFO 10336 --- [    Test worker] board.BoardApplicationTests              : Started BoardApplicationTests in 1.593 seconds (JVM running for 2.317)
org.mybatis.spring.SqlSessionTemplate@6cde0c69
]]></system-out>
  <system-err><![CDATA[Loading class `com.mysql.jdbc.Driver'. This is deprecated. The new driver class is `com.mysql.cj.jdbc.Driver'. The driver is automatically registered via the SPI and manual loading of the driver class is generally unnecessary.
]]></system-err>
</testsuite>
